<?xml version="1.0" encoding="UTF-8"?>
<testng-results ignored="0" total="3" passed="3" failed="0" skipped="0">
  <reporter-output>
  </reporter-output>
  <suite started-at="2022-01-14T17:14:24 IST" name="Regression Suite 2.0" finished-at="2022-01-14T17:15:29 IST" duration-ms="64610">
    <groups>
    </groups>
    <test started-at="2022-01-14T17:14:24 IST" name="Parallel Test" finished-at="2022-01-14T17:15:29 IST" duration-ms="64610">
      <class name="com.Scuba.pages.ParallelTestWise">
        <test-method is-config="true" signature="setUp()[pri:0, instance:com.Scuba.pages.ParallelTestWise@1da2cb77]" started-at="2022-01-14T17:14:24 IST" name="setUp" finished-at="2022-01-14T17:14:24 IST" duration-ms="173" status="PASS">
          <reporter-output>
          </reporter-output>
        </test-method> <!-- setUp -->
        <test-method signature="Test1(java.lang.String,java.lang.String)[pri:0, instance:com.Scuba.pages.ParallelTestWise@1da2cb77]" started-at="2022-01-14T17:14:24 IST" name="Test1" finished-at="2022-01-14T17:14:43 IST" duration-ms="18427" status="PASS">
          <params>
            <param index="0">
              <value>
                <![CDATA[chrome]]>
              </value>
            </param>
            <param index="1">
              <value>
                <![CDATA[Parallel Test]]>
              </value>
            </param>
          </params>
          <reporter-output>
          </reporter-output>
        </test-method> <!-- Test1 -->
        <test-method is-config="true" signature="tearDown()[pri:0, instance:com.Scuba.pages.ParallelTestWise@1da2cb77]" started-at="2022-01-14T17:14:43 IST" name="tearDown" finished-at="2022-01-14T17:14:43 IST" duration-ms="230" status="PASS">
          <reporter-output>
          </reporter-output>
        </test-method> <!-- tearDown -->
        <test-method is-config="true" signature="setUp()[pri:0, instance:com.Scuba.pages.ParallelTestWise@1da2cb77]" started-at="2022-01-14T17:14:43 IST" name="setUp" finished-at="2022-01-14T17:14:43 IST" duration-ms="0" status="PASS">
          <reporter-output>
          </reporter-output>
        </test-method> <!-- setUp -->
        <test-method signature="Test2(java.lang.String,java.lang.String)[pri:0, instance:com.Scuba.pages.ParallelTestWise@1da2cb77]" started-at="2022-01-14T17:14:43 IST" name="Test2" finished-at="2022-01-14T17:15:06 IST" duration-ms="23401" status="PASS">
          <params>
            <param index="0">
              <value>
                <![CDATA[chrome]]>
              </value>
            </param>
            <param index="1">
              <value>
                <![CDATA[Parallel Test]]>
              </value>
            </param>
          </params>
          <reporter-output>
          </reporter-output>
        </test-method> <!-- Test2 -->
        <test-method is-config="true" signature="tearDown()[pri:0, instance:com.Scuba.pages.ParallelTestWise@1da2cb77]" started-at="2022-01-14T17:15:06 IST" name="tearDown" finished-at="2022-01-14T17:15:06 IST" duration-ms="21" status="PASS">
          <reporter-output>
          </reporter-output>
        </test-method> <!-- tearDown -->
        <test-method signature="Test3(java.lang.String,java.lang.String)[pri:0, instance:com.Scuba.pages.ParallelTestWise@1da2cb77]" started-at="2022-01-14T17:15:06 IST" name="Test3" finished-at="2022-01-14T17:15:29 IST" duration-ms="22313" status="PASS">
          <params>
            <param index="0">
              <value>
                <![CDATA[chrome]]>
              </value>
            </param>
            <param index="1">
              <value>
                <![CDATA[Parallel Test]]>
              </value>
            </param>
          </params>
          <reporter-output>
          </reporter-output>
        </test-method> <!-- Test3 -->
        <test-method is-config="true" signature="setUp()[pri:0, instance:com.Scuba.pages.ParallelTestWise@1da2cb77]" started-at="2022-01-14T17:15:06 IST" name="setUp" finished-at="2022-01-14T17:15:06 IST" duration-ms="0" status="PASS">
          <reporter-output>
          </reporter-output>
        </test-method> <!-- setUp -->
        <test-method is-config="true" signature="tearDown()[pri:0, instance:com.Scuba.pages.ParallelTestWise@1da2cb77]" started-at="2022-01-14T17:15:29 IST" name="tearDown" finished-at="2022-01-14T17:15:29 IST" duration-ms="20" status="PASS">
          <reporter-output>
          </reporter-output>
        </test-method> <!-- tearDown -->
      </class> <!-- com.Scuba.pages.ParallelTestWise -->
    </test> <!-- Parallel Test -->
  </suite> <!-- Regression Suite 2.0 -->
</testng-results>
