<?xml version="1.0" encoding="UTF-8"?>
<!-- Generated by org.testng.reporters.JUnitXMLReporter -->
<testsuite ignored="0" hostname="MAVLT112025" failures="0" tests="3" name="Default test" time="0.067" errors="0" timestamp="2021-12-09T07:44:33 IST">
  <testcase classname="com.parallel.testng.TestParallel" name="TestRun1" time="0.01"/>
  <testcase classname="com.parallel.testng.TestParallel" name="TestRun2" time="0.002"/>
  <testcase classname="com.parallel.testng.TestParallel" name="TestRun3" time="0.002"/>
</testsuite> <!-- Default test -->
