<?xml version="1.0" encoding="UTF-8"?>
<!-- Generated by org.testng.reporters.JUnitXMLReporter -->
<testsuite ignored="0" hostname="MAVLT112025" failures="0" tests="3" name="TestP" time="0.077" errors="0" timestamp="2021-12-09T07:48:08 IST">
  <testcase classname="com.parallel.testng.TestParallel" name="TestRun3" time="0.013"/>
  <testcase classname="com.parallel.testng.TestParallel" name="TestRun2" time="0.013"/>
  <testcase classname="com.parallel.testng.TestParallel" name="TestRun1" time="0.013"/>
</testsuite> <!-- TestP -->
