<?xml version="1.0" encoding="UTF-8"?>
<!-- Generated by org.testng.reporters.JUnitXMLReporter -->
<testsuite ignored="0" hostname="MAVLT112025" failures="1" tests="1" name="TestCaseListener" time="0.066" errors="0" timestamp="2021-12-09T07:18:38 IST">
  <testcase classname="com.listener.tesng.TestCases" name="TestToFail" time="0.016">
    <failure type="java.lang.AssertionError" message="expected [true] but found [false]">
      <![CDATA[java.lang.AssertionError: expected [true] but found [false]
at com.listener.tesng.TestCases.TestToFail(TestCases.java:10)
at java.base/java.util.ArrayList.forEach(ArrayList.java:1511)
... Removed 31 stack frames]]>
    </failure>
  </testcase> <!-- TestToFail -->
</testsuite> <!-- TestCaseListener -->
