<?xml version="1.0" encoding="UTF-8"?>
<!-- Generated by org.testng.reporters.JUnitXMLReporter -->
<testsuite ignored="0" hostname="MAVLT112025" failures="1" tests="1" name="TestAssertion" time="0.056" errors="0" timestamp="2021-12-09T07:38:17 IST">
  <testcase classname="com.testassert.testng.TestAssertion" name="testPrintMessage" time="0.011">
    <failure type="java.lang.AssertionError" message="expected [true] but found [false]">
      <![CDATA[java.lang.AssertionError: expected [true] but found [false]
at com.testassert.testng.TestAssertion.testPrintMessage(TestAssertion.java:16)
at java.base/java.util.ArrayList.forEach(ArrayList.java:1511)
... Removed 31 stack frames]]>
    </failure>
  </testcase> <!-- testPrintMessage -->
</testsuite> <!-- TestAssertion -->
