<?xml version="1.0" encoding="UTF-8"?>
<!-- Generated by org.testng.reporters.JUnitXMLReporter -->
<testsuite ignored="0" hostname="MAVBNG1121337" failures="0" tests="3" name="Parallel Test" time="64.61" errors="0" timestamp="2022-01-14T17:15:29 IST">
  <testcase classname="com.Scuba.pages.ParallelTestWise" name="Test1" time="18.427"/>
  <testcase classname="com.Scuba.pages.ParallelTestWise" name="Test2" time="23.401"/>
  <testcase classname="com.Scuba.pages.ParallelTestWise" name="Test3" time="22.313"/>
</testsuite> <!-- Parallel Test -->
