<?xml version="1.0" encoding="UTF-8"?>
<!-- Generated by org.testng.reporters.JUnitXMLReporter -->
<testsuite ignored="4" hostname="MAVLT112025" failures="0" tests="3" name="Groups" time="0.033" errors="0" timestamp="2021-12-09T01:02:34 IST">
  <testcase classname="com.grouping.com.Grouping" name="Cricket" time="0.005"/>
  <testcase classname="com.grouping.com.Grouping" name="FoodBall" time="0.001"/>
  <testcase classname="com.grouping.com.Grouping" name="Running" time="0.001"/>
  <testcase classname="com.grouping.com.Grouping" name="Movies" time="0.0">
    <ignored/>
  </testcase> <!-- Movies -->
  <testcase classname="com.grouping.com.Grouping" name="Writing" time="0.0">
    <ignored/>
  </testcase> <!-- Writing -->
  <testcase classname="com.grouping.com.Grouping" name="Driving" time="0.0">
    <ignored/>
  </testcase> <!-- Driving -->
  <testcase classname="com.grouping.com.Grouping" name="Reading" time="0.0">
    <ignored/>
  </testcase> <!-- Reading -->
</testsuite> <!-- Groups -->
