<?xml version="1.0" encoding="UTF-8"?>
<testng-results ignored="0" total="3" passed="3" failed="0" skipped="0">
  <reporter-output>
  </reporter-output>
  <suite started-at="2021-12-09T07:48:08 IST" name="Suite" finished-at="2021-12-09T07:48:08 IST" duration-ms="77">
    <groups>
    </groups>
    <test started-at="2021-12-09T07:48:08 IST" name="TestP" finished-at="2021-12-09T07:48:08 IST" duration-ms="77">
      <class name="com.parallel.testng.TestParallel">
        <test-method signature="TestRun2()[pri:0, instance:com.parallel.testng.TestParallel@524d6d96]" started-at="2021-12-09T07:48:08 IST" name="TestRun2" finished-at="2021-12-09T07:48:08 IST" duration-ms="13" status="PASS">
          <reporter-output>
          </reporter-output>
        </test-method> <!-- TestRun2 -->
        <test-method signature="TestRun3()[pri:0, instance:com.parallel.testng.TestParallel@524d6d96]" started-at="2021-12-09T07:48:08 IST" name="TestRun3" finished-at="2021-12-09T07:48:08 IST" duration-ms="13" status="PASS">
          <reporter-output>
          </reporter-output>
        </test-method> <!-- TestRun3 -->
        <test-method signature="TestRun1()[pri:0, instance:com.parallel.testng.TestParallel@524d6d96]" started-at="2021-12-09T07:48:08 IST" name="TestRun1" finished-at="2021-12-09T07:48:08 IST" duration-ms="13" status="PASS">
          <reporter-output>
          </reporter-output>
        </test-method> <!-- TestRun1 -->
      </class> <!-- com.parallel.testng.TestParallel -->
    </test> <!-- TestP -->
  </suite> <!-- Suite -->
</testng-results>
